<?xml version="1.0" encoding="UTF-8"?>
<!-- Generated by org.testng.reporters.JUnitXMLReporter -->
<testsuite ignored="0" hostname="DESKTOP-G72D5C2" failures="0" tests="9" name="Default test" time="6.687" errors="0" timestamp="2022-12-29T19:45:40 EST">
  <testcase classname="petStoteApi.petStoreApiTest" name="addPet" time="2.36"/>
  <testcase classname="petStoteApi.petStoreApiTest" name="invalidI" time="1.214"/>
  <testcase classname="petStoteApi.petStoreApiTest" name="postACat" time="0.161"/>
  <testcase classname="petStoteApi.petStoreApiTest" name="postAfish" time="0.176"/>
  <testcase classname="petStoteApi.petStoreApiTest" name="getPetByStatus" time="0.136"/>
  <testcase classname="petStoteApi.petStoreApiTest" name="postCatJson" time="0.154"/>
  <testcase classname="petStoteApi.petStoreApiTest" name="getPetbyId" time="0.1"/>
  <testcase classname="petStoteApi.petStoreApiTest" name="updateCat" time="0.138"/>
  <testcase classname="petStoteApi.petStoreApiTest" name="getAssertById" time="0.329"/>
</testsuite> <!-- Default test -->
