<?xml version="1.0" encoding="UTF-8"?>
<!-- Generated by org.testng.reporters.JUnitXMLReporter -->
<testsuite ignored="0" hostname="L10-5CG91816Z4" failures="0" tests="9" name="regression" time="119.02" errors="0" timestamp="2022-12-02T13:39:42 EST">
  <testcase classname="tests.SignupTests" name="signUpPageTest" time="6.97"/>
  <testcase classname="tests.SignupTests" name="test2" time="1.874"/>
  <testcase classname="tests.SignupTests" name="test3" time="2.244"/>
  <testcase classname="tests.AmazonSearch" name="AmazonSearchTest" time="11.81"/>
  <testcase classname="tests.AmazonSearch" name="AmazonSearchTest" time="10.791"/>
  <testcase classname="tests.AmazonSearch" name="AmazonSearchTest" time="15.702"/>
  <testcase classname="tests.AmazonSearch" name="AmazonSearchTest" time="15.953"/>
  <testcase classname="tests.AmazonSearch" name="AmazonSearchTest" time="13.418"/>
  <testcase classname="tests.AmazonSearch" name="AmazonSearchTest" time="11.539"/>
</testsuite> <!-- regression -->
