<?xml version="1.0" encoding="UTF-8"?>
<!-- Generated by org.testng.reporters.JUnitXMLReporter -->
<testsuite ignored="0" hostname="L10-5CG91816Z4" failures="0" tests="9" name="APITests" time="5.057" errors="0" timestamp="2022-12-21T19:09:20 EST">
  <testcase classname="petStoteApi.petStoreApiTest" name="addPet" time="2.221"/>
  <testcase classname="petStoteApi.petStoreApiTest" name="postACat" time="1.011"/>
  <testcase classname="petStoteApi.petStoreApiTest" name="invalidI" time="3.246"/>
  <testcase classname="petStoteApi.petStoreApiTest" name="postAfish" time="0.172"/>
  <testcase classname="petStoteApi.petStoreApiTest" name="getPetByStatus" time="0.178"/>
  <testcase classname="petStoteApi.petStoreApiTest" name="getPetbyId" time="0.113"/>
  <testcase classname="petStoteApi.petStoreApiTest" name="postCatJson" time="0.181"/>
  <testcase classname="petStoteApi.petStoreApiTest" name="updateCat" time="0.145"/>
  <testcase classname="petStoteApi.petStoreApiTest" name="getAssertById" time="0.34"/>
</testsuite> <!-- APITests -->
